2026-02-20 05:51:04,988 - INFO - Pipeline started
2026-02-20 05:51:12,547 - INFO - Ingestion completed successfully
2026-02-20 05:51:16,962 - INFO - Extraction and Parquet write completed successfully
2026-02-20 05:51:17,046 - INFO - Retention cleanup completed
2026-02-20 05:51:17,046 - INFO - Pipeline finished successfully
2026-02-20 06:24:37,029 - INFO - Pipeline started
2026-02-20 06:24:40,605 - INFO - Ingestion completed successfully
2026-02-20 06:24:41,562 - INFO - Extraction and Parquet write completed successfully
2026-02-20 06:24:41,640 - INFO - Retention cleanup completed
2026-02-20 06:24:41,643 - INFO - Pipeline finished successfully
2026-02-20 06:24:52,496 - INFO - Pipeline started
2026-02-20 06:24:55,524 - INFO - Ingestion completed successfully
2026-02-20 06:24:56,505 - INFO - Extraction and Parquet write completed successfully
2026-02-20 06:24:56,589 - INFO - Retention cleanup completed
2026-02-20 06:24:56,589 - INFO - Pipeline finished successfully
2026-02-20 06:25:34,696 - INFO - Pipeline started
2026-02-20 06:25:37,728 - INFO - Ingestion completed successfully
2026-02-20 06:25:38,722 - INFO - Extraction and Parquet write completed successfully
2026-02-20 06:25:38,803 - INFO - Retention cleanup completed
2026-02-20 06:25:38,803 - INFO - Pipeline finished successfully
2026-02-20 06:37:13,090 - INFO - Pipeline started
2026-02-20 06:37:16,254 - INFO - Ingestion completed successfully
2026-02-20 06:37:17,255 - INFO - Extraction and Parquet write completed successfully
2026-02-20 06:37:17,337 - INFO - Retention cleanup completed
2026-02-20 06:37:17,337 - INFO - Pipeline finished successfully
2026-02-20 06:45:45,799 - INFO - Pipeline started
2026-02-20 06:45:49,206 - INFO - Ingestion completed successfully
2026-02-20 06:45:54,452 - INFO - Extraction and Parquet write completed successfully
2026-02-20 06:45:54,560 - INFO - Retention cleanup completed
2026-02-20 06:45:54,560 - INFO - Pipeline finished successfully
2026-02-20 06:47:56,247 - INFO - Pipeline started
2026-02-20 06:47:59,309 - INFO - Ingestion completed successfully
2026-02-20 06:48:00,340 - INFO - Extraction and Parquet write completed successfully
2026-02-20 06:48:00,421 - INFO - Retention cleanup completed
2026-02-20 06:48:00,422 - INFO - Pipeline finished successfully
2026-02-20 06:49:33,725 - INFO - Pipeline started
2026-02-20 06:49:36,734 - INFO - Ingestion completed successfully
2026-02-20 06:49:37,734 - INFO - Extraction and Parquet write completed successfully
2026-02-20 06:49:37,816 - INFO - Retention cleanup completed
2026-02-20 06:49:37,817 - INFO - Pipeline finished successfully
2026-02-20 06:52:47,396 - INFO - Pipeline started
2026-02-20 06:52:50,913 - INFO - Ingestion completed successfully
2026-02-20 06:52:51,959 - INFO - Extraction and Parquet write completed successfully
2026-02-20 06:52:52,049 - INFO - Retention cleanup completed
2026-02-20 06:52:52,049 - INFO - Pipeline finished successfully
2026-02-20 06:52:54,909 - INFO - Pipeline started
2026-02-20 06:52:57,911 - INFO - Ingestion completed successfully
2026-02-20 06:52:58,951 - INFO - Extraction and Parquet write completed successfully
2026-02-20 06:52:59,035 - INFO - Retention cleanup completed
2026-02-20 06:52:59,035 - INFO - Pipeline finished successfully
2026-02-20 06:53:03,086 - INFO - Pipeline started
2026-02-20 06:53:06,141 - INFO - Ingestion completed successfully
2026-02-20 06:53:07,107 - INFO - Extraction and Parquet write completed successfully
2026-02-20 06:53:07,188 - INFO - Retention cleanup completed
2026-02-20 06:53:07,188 - INFO - Pipeline finished successfully
2026-02-20 07:30:56,111 - INFO - Pipeline started
2026-02-20 07:31:00,403 - INFO - Ingestion completed successfully
2026-02-20 07:31:01,532 - INFO - Extraction and Parquet write completed successfully
2026-02-20 07:31:01,614 - INFO - Retention cleanup completed
2026-02-20 07:31:01,615 - INFO - Pipeline finished successfully
2026-02-20 07:40:38,682 - INFO - Pipeline started
2026-02-20 07:40:42,594 - INFO - Ingestion completed successfully
2026-02-20 07:40:43,640 - INFO - Extraction and Parquet write completed successfully
2026-02-20 07:40:43,748 - INFO - Retention cleanup completed
2026-02-20 07:40:43,748 - INFO - Pipeline finished successfully
2026-02-20 10:09:56,718 - INFO - Pipeline started
2026-02-20 10:10:00,679 - INFO - Ingestion completed successfully
2026-02-20 10:10:02,329 - INFO - Extraction and Parquet write completed successfully
2026-02-20 10:10:02,418 - INFO - Retention cleanup completed
2026-02-20 10:10:02,418 - INFO - Pipeline finished successfully
